<?xml version="1.0" encoding="UTF-8"?>
<!-- Generated by org.testng.reporters.JUnitReportReporter -->
<testsuite hostname="DESKTOP-58CP18H" name="cucumber.CucumberRunner" tests="1" failures="0" timestamp="19 Oct 2017 15:43:35 GMT" time="0.130" errors="0">
  <testcase name="feature" time="0.130" classname="cucumber.CucumberRunner"/>
</testsuite> <!-- cucumber.CucumberRunner -->
